2019-12-20 09:44:24.553057 >>> {command: get_health}
2019-12-20 09:44:25.136523 <<< {isError: false, response: {status: ok}, type: _extensionType, method: ext.flutter.driver}
2019-12-20 09:44:25.145499 >>> {command: get_text, timeout: 2000, finderType: ByValueKey, keyValueString: Log in, keyValueType: String}
2019-12-20 09:44:25.190380 <<< {isError: false, response: {text: Log in}, type: _extensionType, method: ext.flutter.driver}
2019-12-20 09:44:25.212353 >>> {command: tap, finderType: ByValueKey, keyValueString: log in as guest, keyValueType: String}
2019-12-20 09:44:25.413782 <<< {isError: false, response: {}, type: _extensionType, method: ext.flutter.driver}
2019-12-20 09:44:25.421808 >>> {command: get_text, timeout: 2000, finderType: ByValueKey, keyValueString: user, keyValueType: String}
2019-12-20 09:44:25.889509 <<< {isError: false, response: {text: Anonymous}, type: _extensionType, method: ext.flutter.driver}
2019-12-20 09:45:06.186457 >>> {command: get_health}
2019-12-20 09:45:06.572966 <<< {isError: false, response: {status: ok}, type: _extensionType, method: ext.flutter.driver}
2019-12-20 09:45:06.585932 >>> {command: tap, finderType: ByValueKey, keyValueString: log in as guest, keyValueType: String}
2019-12-20 09:45:06.763457 <<< {isError: false, response: {}, type: _extensionType, method: ext.flutter.driver}
2019-12-20 09:45:06.771437 >>> {command: tap, finderType: ByValueKey, keyValueString: session code, keyValueType: String}
2019-12-20 09:45:07.270103 <<< {isError: false, response: {}, type: _extensionType, method: ext.flutter.driver}
2019-12-20 09:45:07.277085 >>> {command: enter_text, timeout: 2000, text: 404}
2019-12-20 09:45:07.343907 <<< {isError: false, response: {}, type: _extensionType, method: ext.flutter.driver}
2019-12-20 09:45:07.351885 >>> {command: tap, finderType: ByValueKey, keyValueString: Go, keyValueType: String}
2019-12-20 09:45:07.654672 <<< {isError: false, response: {}, type: _extensionType, method: ext.flutter.driver}
2019-12-20 09:45:07.662650 >>> {command: get_text, timeout: 10000, finderType: ByValueKey, keyValueString: session, keyValueType: String}
2019-12-20 09:45:15.268294 <<< {isError: false, response: {text: Session 404}, type: _extensionType, method: ext.flutter.driver}
