2019-12-20 09:44:14.414589 >>> {command: get_health}
2019-12-20 09:44:14.471437 <<< {isError: false, response: {status: ok}, type: _extensionType, method: ext.flutter.driver}
2019-12-20 09:44:14.510332 >>> {command: tap, finderType: ByValueKey, keyValueString: log in as guest, keyValueType: String}
2019-12-20 09:44:14.734732 <<< {isError: false, response: {}, type: _extensionType, method: ext.flutter.driver}
2019-12-20 09:44:14.750049 >>> {command: tap, finderType: ByValueKey, keyValueString: session code, keyValueType: String}
2019-12-20 09:44:15.675841 <<< {isError: false, response: {}, type: _extensionType, method: ext.flutter.driver}
2019-12-20 09:44:15.686811 >>> {command: enter_text, timeout: 2000, text: 404}
2019-12-20 09:44:15.815033 <<< {isError: false, response: {}, type: _extensionType, method: ext.flutter.driver}
2019-12-20 09:44:15.827003 >>> {command: tap, finderType: ByValueKey, keyValueString: Go, keyValueType: String}
2019-12-20 09:44:16.109839 <<< {isError: false, response: {}, type: _extensionType, method: ext.flutter.driver}
2019-12-20 09:44:16.119811 >>> {command: get_text, timeout: 10000, finderType: ByValueKey, keyValueString: session, keyValueType: String}
2019-12-20 09:44:21.703562 <<< {isError: false, response: {text: Session 404}, type: _extensionType, method: ext.flutter.driver}
2019-12-20 09:45:02.276156 >>> {command: get_health}
2019-12-20 09:45:02.327022 <<< {isError: false, response: {status: ok}, type: _extensionType, method: ext.flutter.driver}
2019-12-20 09:45:02.357934 >>> {command: get_text, timeout: 2000, finderType: ByValueKey, keyValueString: Log in, keyValueType: String}
2019-12-20 09:45:02.454677 <<< {isError: false, response: {text: Log in}, type: _extensionType, method: ext.flutter.driver}
2019-12-20 09:45:02.476618 >>> {command: tap, finderType: ByValueKey, keyValueString: log in as guest, keyValueType: String}
2019-12-20 09:45:02.608790 <<< {isError: false, response: {}, type: _extensionType, method: ext.flutter.driver}
2019-12-20 09:45:02.633763 >>> {command: get_text, timeout: 2000, finderType: ByValueKey, keyValueString: user, keyValueType: String}
2019-12-20 09:45:03.050880 <<< {isError: false, response: {text: Anonymous}, type: _extensionType, method: ext.flutter.driver}
